# JRE version: OpenJDK Runtime Environment (8.0_242) (build 1.8.0_242-release-1644-b3-6222593)
# Java VM: OpenJDK 64-Bit Server VM (25.242-b3-6222593 mixed mode linux-amd64 compressed oops)
Heap:
 PSYoungGen      total 499712K, used 0K [0x00000000d5580000, 0x00000000fd180000, 0x0000000100000000)
  eden space 464896K, 0% used [0x00000000d5580000,0x00000000d5580000,0x00000000f1b80000)
  from space 34816K, 0% used [0x00000000f1b80000,0x00000000f1b80000,0x00000000f3d80000)
  to   space 47616K, 0% used [0x00000000fa300000,0x00000000fa300000,0x00000000fd180000)
 ParOldGen       total 221696K, used 216171K [0x0000000080000000, 0x000000008d880000, 0x00000000d5580000)
  object space 221696K, 97% used [0x0000000080000000,0x000000008d31ad60,0x000000008d880000)
 Metaspace       used 94582K, capacity 99384K, committed 99992K, reserved 1136640K
  class space    used 12401K, capacity 13274K, committed 13488K, reserved 1048576K
GC Heap History (10 events):
Event: 109.472 GC heap after
Heap after GC invocations=35 (full 5):
 PSYoungGen      total 434688K, used 3040K [0x00000000d5580000, 0x00000000f2380000, 0x0000000100000000)
  eden space 398336K, 0% used [0x00000000d5580000,0x00000000d5580000,0x00000000eda80000)
  from space 36352K, 8% used [0x00000000f0000000,0x00000000f02f8000,0x00000000f2380000)
  to   space 37376K, 0% used [0x00000000eda80000,0x00000000eda80000,0x00000000eff00000)
 ParOldGen       total 170496K, used 97818K [0x0000000080000000, 0x000000008a680000, 0x00000000d5580000)
  object space 170496K, 57% used [0x0000000080000000,0x0000000085f868c0,0x000000008a680000)
 Metaspace       used 93179K, capacity 97852K, committed 98584K, reserved 1134592K
  class space    used 12293K, capacity 13136K, committed 13360K, reserved 1048576K
}
Event: 111.183 GC heap before
{Heap before GC invocations=36 (full 5):
 PSYoungGen      total 434688K, used 401025K [0x00000000d5580000, 0x00000000f2380000, 0x0000000100000000)
  eden space 398336K, 99% used [0x00000000d5580000,0x00000000eda287e8,0x00000000eda80000)
  from space 36352K, 8% used [0x00000000f0000000,0x00000000f02f8000,0x00000000f2380000)
  to   space 37376K, 0% used [0x00000000eda80000,0x00000000eda80000,0x00000000eff00000)
 ParOldGen       total 170496K, used 97818K [0x0000000080000000, 0x000000008a680000, 0x00000000d5580000)
  object space 170496K, 57% used [0x0000000080000000,0x0000000085f868c0,0x000000008a680000)
 Metaspace       used 93379K, capacity 98064K, committed 98840K, reserved 1134592K
  class space    used 12293K, capacity 13136K, committed 13360K, reserved 1048576K
Event: 111.198 GC heap after
Heap after GC invocations=36 (full 5):
 PSYoungGen      total 435712K, used 5367K [0x00000000d5580000, 0x00000000f6380000, 0x0000000100000000)
  eden space 398336K, 0% used [0x00000000d5580000,0x00000000d5580000,0x00000000eda80000)
  from space 37376K, 14% used [0x00000000eda80000,0x00000000edfbdd98,0x00000000eff00000)
  to   space 36352K, 0% used [0x00000000f4000000,0x00000000f4000000,0x00000000f6380000)
 ParOldGen       total 170496K, used 99973K [0x0000000080000000, 0x000000008a680000, 0x00000000d5580000)
  object space 170496K, 58% used [0x0000000080000000,0x00000000861a15e0,0x000000008a680000)
 Metaspace       used 93379K, capacity 98064K, committed 98840K, reserved 1134592K
  class space    used 12293K, capacity 13136K, committed 13360K, reserved 1048576K
}
Event: 112.995 GC heap before
{Heap before GC invocations=37 (full 5):
 PSYoungGen      total 435712K, used 403703K [0x00000000d5580000, 0x00000000f6380000, 0x0000000100000000)
  eden space 398336K, 100% used [0x00000000d5580000,0x00000000eda80000,0x00000000eda80000)
  from space 37376K, 14% used [0x00000000eda80000,0x00000000edfbdd98,0x00000000eff00000)
  to   space 36352K, 0% used [0x00000000f4000000,0x00000000f4000000,0x00000000f6380000)
 ParOldGen       total 170496K, used 99973K [0x0000000080000000, 0x000000008a680000, 0x00000000d5580000)
  object space 170496K, 58% used [0x0000000080000000,0x00000000861a15e0,0x000000008a680000)
 Metaspace       used 93459K, capacity 98134K, committed 98840K, reserved 1134592K
  class space    used 12294K, capacity 13137K, committed 13360K, reserved 1048576K
Event: 113.021 GC heap after
Heap after GC invocations=37 (full 5):
 PSYoungGen      total 497152K, used 6614K [0x00000000d5580000, 0x00000000f5f80000, 0x0000000100000000)
  eden space 464896K, 0% used [0x00000000d5580000,0x00000000d5580000,0x00000000f1b80000)
  from space 32256K, 20% used [0x00000000f4000000,0x00000000f4675a58,0x00000000f5f80000)
  to   space 34816K, 0% used [0x00000000f1b80000,0x00000000f1b80000,0x00000000f3d80000)
 ParOldGen       total 170496K, used 102916K [0x0000000080000000, 0x000000008a680000, 0x00000000d5580000)
  object space 170496K, 60% used [0x0000000080000000,0x0000000086481168,0x000000008a680000)
 Metaspace       used 93459K, capacity 98134K, committed 98840K, reserved 1134592K
  class space    used 12294K, capacity 13137K, committed 13360K, reserved 1048576K
}
Event: 134.367 GC heap before
{Heap before GC invocations=38 (full 5):
 PSYoungGen      total 497152K, used 471510K [0x00000000d5580000, 0x00000000f5f80000, 0x0000000100000000)
  eden space 464896K, 100% used [0x00000000d5580000,0x00000000f1b80000,0x00000000f1b80000)
  from space 32256K, 20% used [0x00000000f4000000,0x00000000f4675a58,0x00000000f5f80000)
  to   space 34816K, 0% used [0x00000000f1b80000,0x00000000f1b80000,0x00000000f3d80000)
 ParOldGen       total 170496K, used 102916K [0x0000000080000000, 0x000000008a680000, 0x00000000d5580000)
  object space 170496K, 60% used [0x0000000080000000,0x0000000086481168,0x000000008a680000)
 Metaspace       used 94150K, capacity 98904K, committed 99480K, reserved 1134592K
  class space    used 12373K, capacity 13258K, committed 13488K, reserved 1048576K
Event: 138.523 GC heap after
Heap after GC invocations=38 (full 5):
 PSYoungGen      total 499712K, used 34812K [0x00000000d5580000, 0x00000000fd180000, 0x0000000100000000)
  eden space 464896K, 0% used [0x00000000d5580000,0x00000000d5580000,0x00000000f1b80000)
  from space 34816K, 99% used [0x00000000f1b80000,0x00000000f3d7f050,0x00000000f3d80000)
  to   space 47616K, 0% used [0x00000000fa300000,0x00000000fa300000,0x00000000fd180000)
 ParOldGen       total 170496K, used 120098K [0x0000000080000000, 0x000000008a680000, 0x00000000d5580000)
  object space 170496K, 70% used [0x0000000080000000,0x00000000875489d0,0x000000008a680000)
 Metaspace       used 94150K, capacity 98904K, committed 99480K, reserved 1134592K
  class space    used 12373K, capacity 13258K, committed 13488K, reserved 1048576K
}
Event: 145.129 GC heap before
{Heap before GC invocations=39 (full 5):
 PSYoungGen      total 499712K, used 499708K [0x00000000d5580000, 0x00000000fd180000, 0x0000000100000000)
  eden space 464896K, 100% used [0x00000000d5580000,0x00000000f1b80000,0x00000000f1b80000)
  from space 34816K, 99% used [0x00000000f1b80000,0x00000000f3d7f050,0x00000000f3d80000)
  to   space 47616K, 0% used [0x00000000fa300000,0x00000000fa300000,0x00000000fd180000)
 ParOldGen       total 170496K, used 120098K [0x0000000080000000, 0x000000008a680000, 0x00000000d5580000)
  object space 170496K, 70% used [0x0000000080000000,0x00000000875489d0,0x000000008a680000)
 Metaspace       used 94587K, capacity 99398K, committed 99992K, reserved 1136640K
  class space    used 12403K, capacity 13277K, committed 13488K, reserved 1048576K
Event: 154.525 GC heap after
Heap after GC invocations=39 (full 5):
 PSYoungGen      total 499712K, used 499708K [0x00000000d5580000, 0x00000000fd180000, 0x0000000100000000)
  eden space 464896K, 100% used [0x00000000d5580000,0x00000000f1b80000,0x00000000f1b80000)
  from space 34816K, 99% used [0x00000000f1b80000,0x00000000f3d7f050,0x00000000f3d80000)
  to   space 47616K, 99% used [0x00000000fa300000,0x00000000fd17b6b0,0x00000000fd180000)
 ParOldGen       total 221696K, used 221401K [0x0000000080000000, 0x000000008d880000, 0x00000000d5580000)
  object space 221696K, 99% used [0x0000000080000000,0x000000008d836710,0x000000008d880000)
 Metaspace       used 94587K, capacity 99398K, committed 99992K, reserved 1136640K
  class space    used 12403K, capacity 13277K, committed 13488K, reserved 1048576K
}
Event: 155.386 GC heap before
{Heap before GC invocations=40 (full 6):
 PSYoungGen      total 499712K, used 499708K [0x00000000d5580000, 0x00000000fd180000, 0x0000000100000000)
  eden space 464896K, 100% used [0x00000000d5580000,0x00000000f1b80000,0x00000000f1b80000)
  from space 34816K, 99% used [0x00000000f1b80000,0x00000000f3d7f050,0x00000000f3d80000)
  to   space 47616K, 99% used [0x00000000fa300000,0x00000000fd17b6b0,0x00000000fd180000)
 ParOldGen       total 221696K, used 221401K [0x0000000080000000, 0x000000008d880000, 0x00000000d5580000)
  object space 221696K, 99% used [0x0000000080000000,0x000000008d836710,0x000000008d880000)
 Metaspace       used 94587K, capacity 99398K, committed 99992K, reserved 1136640K
  class space    used 12403K, capacity 13277K, committed 13488K, reserved 1048576K

